<?xml version="1.0" encoding="UTF-8"?>
<!-- Generated by org.testng.reporters.JUnitReportReporter -->
<testsuite hostname="USHYDSBRAHMAN18" failures="0" tests="1" name="cucumberOptions.FailedTestRunner" time="0.214" errors="1" timestamp="2024-05-04T21:38:17 IST" skipped="0">
  <testcase classname="cucumberOptions.FailedTestRunner" name="runScenario" time="0.214">
    <error message="Cannot invoke &quot;org.openqa.selenium.WebDriver.getTitle()&quot; because &quot;this.drv&quot; is null" type="java.lang.NullPointerException">
      <![CDATA[java.lang.NullPointerException: Cannot invoke "org.openqa.selenium.WebDriver.getTitle()" because "this.drv" is null
at pageObjects.LandingPage.getLandingPageTitle(LandingPage.java:43)
at stepDefinitions.LandingPageStepDefinitions.user_is_on_greenkart_landing_page(LandingPageStepDefinitions.java:32)
at ✽.User is on Greenkart landing page(file:///C:/Users/sbrahmandlapally/eclipse-workspace/CucumberFrameworkConcepts/src/test/java/greenKartFeatures/searchProduct.feature:5)
]]>
    </error>
  </testcase> <!-- runScenario -->
</testsuite> <!-- cucumberOptions.FailedTestRunner -->
